{"time":"2026-01-30 16:35:01","context":"Config","message":"ASAAS_API_KEY não configurada nas variáveis de ambiente","meta":[]}
{"time":"2026-01-30 16:37:11","context":"Config","message":"ASAAS_API_KEY não configurada nas variáveis de ambiente","meta":[]}
{"time":"2026-01-30 16:37:12","context":"Config","message":"ASAAS_API_KEY não configurada nas variáveis de ambiente","meta":[]}
{"time":"2026-01-30 16:37:12","context":"Config","message":"ASAAS_API_KEY não configurada nas variáveis de ambiente","meta":[]}
{"time":"2026-01-30 16:38:02","context":"Config","message":"ASAAS_API_KEY não configurada nas variáveis de ambiente","meta":[]}
{"time":"2026-01-30 16:38:10","context":"Config","message":"ASAAS_API_KEY não configurada nas variáveis de ambiente","meta":[]}
{"time":"2026-01-30 16:39:48","context":"Config","message":"ASAAS_API_KEY não configurada nas variáveis de ambiente","meta":[]}
{"time":"2026-01-30 16:41:13","context":"Config","message":"ASAAS_API_KEY não configurada nas variáveis de ambiente","meta":[]}
{"time":"2026-01-30 16:41:13","context":"Config","message":"ASAAS_API_KEY não configurada nas variáveis de ambiente","meta":[]}
{"time":"2026-01-30 16:41:15","context":"Config","message":"ASAAS_API_KEY não configurada nas variáveis de ambiente","meta":[]}
{"time":"2026-01-30 16:41:52","context":"Config","message":"ASAAS_API_KEY não configurada nas variáveis de ambiente","meta":[]}
{"time":"2026-01-30 16:41:53","context":"Config","message":"ASAAS_API_KEY não configurada nas variáveis de ambiente","meta":[]}
{"time":"2026-01-30 16:41:53","context":"Config","message":"ASAAS_API_KEY não configurada nas variáveis de ambiente","meta":[]}
{"time":"2026-01-30 16:41:53","context":"Config","message":"ASAAS_API_KEY não configurada nas variáveis de ambiente","meta":[]}
{"time":"2026-01-30 16:41:53","context":"Config","message":"ASAAS_API_KEY não configurada nas variáveis de ambiente","meta":[]}
{"time":"2026-01-30 16:41:54","context":"Config","message":"ASAAS_API_KEY não configurada nas variáveis de ambiente","meta":[]}
{"time":"2026-01-30 16:41:54","context":"Config","message":"ASAAS_API_KEY não configurada nas variáveis de ambiente","meta":[]}
{"time":"2026-01-30 16:41:54","context":"Config","message":"ASAAS_API_KEY não configurada nas variáveis de ambiente","meta":[]}
{"time":"2026-01-30 16:43:00","context":"Config","message":"ASAAS_API_KEY não configurada nas variáveis de ambiente","meta":[]}
{"time":"2026-01-30 16:43:01","context":"Config","message":"ASAAS_API_KEY não configurada nas variáveis de ambiente","meta":[]}
{"time":"2026-01-30 16:44:27","context":"Config","message":"ASAAS_API_KEY não configurada nas variáveis de ambiente","meta":[]}
{"time":"2026-01-30 16:44:29","context":"Config","message":"ASAAS_API_KEY não configurada nas variáveis de ambiente","meta":[]}
{"time":"2026-01-30 16:44:29","context":"Config","message":"ASAAS_API_KEY não configurada nas variáveis de ambiente","meta":[]}
{"time":"2026-01-30 16:44:29","context":"Config","message":"ASAAS_API_KEY não configurada nas variáveis de ambiente","meta":[]}
{"time":"2026-01-30 16:52:15","context":"Config","message":"ASAAS_API_KEY não configurada nas variáveis de ambiente","meta":[]}
{"time":"2026-01-30 19:13:48","context":"HTTP","message":"HTTP Error 404","meta":{"endpoint":"\/payments\/pay_3elpxp8wd32qnz03\/cancel","code":404,"response":"<!doctype html><html lang=\"pt\"><head><title>HTTP Status 404 – Não Encontrado<\/title><style type=\"text\/css\">body {font-family:Tahoma,Arial,sans-serif;} h1, h2, h3, b {color:white;background-color:#525D76;} h1 {font-size:22px;} h2 {font-size:16px;} h3 {font-size:14px;} p {font-size:12px;} a {color:black;} .line {height:1px;background-color:#525D76;border:none;}<\/style><\/head><body><h1>HTTP Status 404 – Não Encontrado<\/h1><hr class=\"line\" \/><p><b>Type<\/b> Status Report<\/p><p><b>Message<\/b> The requested resource [&#47;api&#47;v3&#47;payments&#47;pay_3elpxp8wd32qnz03&#47;cancel] is not available<\/p><p><b>Description<\/b> The origin server did not find a current representation for the target resource or is not willing to disclose that one exists.<\/p><hr class=\"line\" \/><h3>Apache Tomcat\/9.0.112<\/h3><\/body><\/html>"}}
{"time":"2026-01-30 19:58:10","context":"HTTP","message":"HTTP Error 404","meta":{"endpoint":"\/payments\/pay_3elpxp8wd32qnz03\/cancel","code":404,"response":"<!doctype html><html lang=\"pt\"><head><title>HTTP Status 404 – Não Encontrado<\/title><style type=\"text\/css\">body {font-family:Tahoma,Arial,sans-serif;} h1, h2, h3, b {color:white;background-color:#525D76;} h1 {font-size:22px;} h2 {font-size:16px;} h3 {font-size:14px;} p {font-size:12px;} a {color:black;} .line {height:1px;background-color:#525D76;border:none;}<\/style><\/head><body><h1>HTTP Status 404 – Não Encontrado<\/h1><hr class=\"line\" \/><p><b>Type<\/b> Status Report<\/p><p><b>Message<\/b> The requested resource [&#47;api&#47;v3&#47;payments&#47;pay_3elpxp8wd32qnz03&#47;cancel] is not available<\/p><p><b>Description<\/b> The origin server did not find a current representation for the target resource or is not willing to disclose that one exists.<\/p><hr class=\"line\" \/><h3>Apache Tomcat\/9.0.112<\/h3><\/body><\/html>"}}
{"time":"2026-01-30 19:58:13","context":"HTTP","message":"HTTP Error 404","meta":{"endpoint":"\/payments\/pay_3l4bpfpdu3xu6k04\/cancel","code":404,"response":"<!doctype html><html lang=\"pt\"><head><title>HTTP Status 404 – Não Encontrado<\/title><style type=\"text\/css\">body {font-family:Tahoma,Arial,sans-serif;} h1, h2, h3, b {color:white;background-color:#525D76;} h1 {font-size:22px;} h2 {font-size:16px;} h3 {font-size:14px;} p {font-size:12px;} a {color:black;} .line {height:1px;background-color:#525D76;border:none;}<\/style><\/head><body><h1>HTTP Status 404 – Não Encontrado<\/h1><hr class=\"line\" \/><p><b>Type<\/b> Status Report<\/p><p><b>Message<\/b> The requested resource [&#47;api&#47;v3&#47;payments&#47;pay_3l4bpfpdu3xu6k04&#47;cancel] is not available<\/p><p><b>Description<\/b> The origin server did not find a current representation for the target resource or is not willing to disclose that one exists.<\/p><hr class=\"line\" \/><h3>Apache Tomcat\/9.0.112<\/h3><\/body><\/html>"}}
{"time":"2026-02-23 18:56:09","context":"HTTP","message":"Esta cobrança não pode mais ser paga.","meta":{"endpoint":"\/payments\/pay_3elpxp8wd32qnz03\/pixQrCode","code":400,"response":"{\"errors\":[{\"code\":\"invalid_action\",\"description\":\"Esta cobrança não pode mais ser paga.\"}]}"}}
{"time":"2026-02-23 18:57:44","context":"HTTP","message":"HTTP Error 404","meta":{"endpoint":"\/payments\/pay_3elpxp8wd32qnz03\/cancel","code":404,"response":""}}
{"time":"2026-02-23 19:01:13","context":"HTTP","message":"Esta cobrança não pode mais ser paga.","meta":{"endpoint":"\/payments\/pay_wx3ucd2zgb1yk8p2\/pixQrCode","code":400,"response":"{\"errors\":[{\"code\":\"invalid_action\",\"description\":\"Esta cobrança não pode mais ser paga.\"}]}"}}
{"time":"2026-02-23 19:01:23","context":"HTTP","message":"HTTP Error 404","meta":{"endpoint":"\/payments\/pay_wx3ucd2zgb1yk8p2\/cancel","code":404,"response":""}}
{"time":"2026-02-23 19:51:58","context":"HTTP","message":"HTTP Error 404","meta":{"endpoint":"\/payments\/pay_vhoddlcro849wjul\/cancel","code":404,"response":""}}
{"time":"2026-02-23 19:52:07","context":"HTTP","message":"HTTP Error 404","meta":{"endpoint":"\/payments\/pay_mmu7pphgxhoj6oin\/cancel","code":404,"response":""}}
{"time":"2026-02-23 19:54:15","context":"HTTP","message":"HTTP Error 404","meta":{"endpoint":"\/payments\/pay_8jokiqxbzt8uc6r5\/cancel","code":404,"response":""}}
{"time":"2026-02-23 20:00:56","context":"HTTP","message":"HTTP Error 404","meta":{"endpoint":"\/payments\/pay_m8jha0y9kyxkjhez\/cancel","code":404,"response":""}}
{"time":"2026-02-23 20:05:04","context":"HTTP","message":"HTTP Error 404","meta":{"endpoint":"\/payments\/pay_9ud9c7zx9n277m74\/cancel","code":404,"response":""}}
{"time":"2026-02-23 20:17:16","context":"HTTP","message":"HTTP Error 404","meta":{"endpoint":"\/payments\/pay_o4dkey9zycqn4vs1\/cancel","code":404,"response":""}}
{"time":"2026-02-23 20:20:18","context":"HTTP","message":"HTTP Error 404","meta":{"endpoint":"\/payments\/pay_opv60irv4pks4ras\/cancel","code":404,"response":""}}
{"time":"2026-02-23 20:22:08","context":"HTTP","message":"HTTP Error 404","meta":{"endpoint":"\/payments\/pay_k78ni3nizzt66njd\/cancel","code":404,"response":""}}
{"time":"2026-02-23 20:23:04","context":"HTTP","message":"HTTP Error 404","meta":{"endpoint":"\/payments\/pay_vscu93iq3qk34b99\/cancel","code":404,"response":""}}
{"time":"2026-02-23 20:34:19","context":"HTTP","message":"HTTP Error 404","meta":{"endpoint":"\/payments\/pay_8edv5r8ixg8zfsia\/cancel","code":404,"response":""}}
